<?xml version="1.0" encoding="UTF-8"?>
<!-- Generated by org.testng.reporters.JUnitReportReporter -->
<testsuite name="AddReportDataProviderTest" tests="1" time="127.807" ignored="0" failures="0" timestamp="14 May 2017 06:04:06 GMT" skipped="0" hostname="LAPTOP-4TN5TG0B" errors="0">
  <testcase name="TestR" time="127.807" classname="AddReportDataProviderTest"/>
</testsuite> <!-- AddReportDataProviderTest -->
